<?xml version="1.0" encoding="UTF-8"?>
<!-- Generated by org.testng.reporters.JUnitXMLReporter -->
<testsuite hostname="LAPTOP-UULIG8AC" ignored="0" name="OrangeHRM_TestNG_Maven_Test" tests="1" failures="1" timestamp="2022-12-14T23:20:04 IST" time="1.962" errors="0">
  <testcase name="@BeforeTest setUpBrowser" time="1.697" classname="com.OrangeHRM.AppUtils.BaseClass_OHRM040_001">
    <failure type="java.lang.NoSuchMethodError" message="org.apache.commons.io.IOUtils.toString(Ljava/io/InputStream;Ljava/nio/charset/Charset;)Ljava/lang/String;">
      <![CDATA[java.lang.NoSuchMethodError: org.apache.commons.io.IOUtils.toString(Ljava/io/InputStream;Ljava/nio/charset/Charset;)Ljava/lang/String;
at io.github.bonigarcia.wdm.Shell.runAndWaitNoLog(Shell.java:66)
at io.github.bonigarcia.wdm.Shell.runAndWaitArray(Shell.java:56)
at io.github.bonigarcia.wdm.Shell.runAndWait(Shell.java:50)
at io.github.bonigarcia.wdm.WebDriverManager.getBrowserVersionInWindows(WebDriverManager.java:1248)
at io.github.bonigarcia.wdm.WebDriverManager.getDefaultBrowserVersion(WebDriverManager.java:1210)
at io.github.bonigarcia.wdm.ChromeDriverManager.getBrowserVersion(ChromeDriverManager.java:103)
at io.github.bonigarcia.wdm.WebDriverManager.detectDriverVersionFromBrowser(WebDriverManager.java:596)
at io.github.bonigarcia.wdm.WebDriverManager.manage(WebDriverManager.java:510)
at io.github.bonigarcia.wdm.WebDriverManager.setup(WebDriverManager.java:260)
at com.OrangeHRM.AppUtils.BaseClass_OHRM040_001.setUpBrowser(BaseClass_OHRM040_001.java:20)
... Removed 24 stack frames]]>
    </failure>
  </testcase> <!-- @BeforeTest setUpBrowser -->
  <testcase name="@AfterTest closeBrowser" time="-1.671040203395E9" classname="com.OrangeHRM.AppUtils.BaseClass_OHRM040_001">
    <skipped/>
  </testcase> <!-- @AfterTest closeBrowser -->
  <testcase name="adminValidLoginTest" time="0.0" classname="com.OrangeHRM.TestCases.TC_Admin_Valid_Login_OHRM040_001">
    <failure type="org.testng.TestNGException" message="
Parameter &amp;apos;username&amp;apos; is required by @Test on method adminValidLoginTest but has not been marked @Optional or defined
in F:\Light_Year\com.OrangeHRM_TestNG_Project\testNG.xml">
      <![CDATA[org.testng.TestNGException: 
Parameter 'username' is required by @Test on method adminValidLoginTest but has not been marked @Optional or defined
in F:\Light_Year\com.OrangeHRM_TestNG_Project\testNG.xml
at java.util.ArrayList.forEach(Unknown Source)
... Removed 26 stack frames]]>
    </failure>
  </testcase> <!-- adminValidLoginTest -->
</testsuite> <!-- OrangeHRM_TestNG_Maven_Test -->
