<?xml version="1.0" encoding="UTF-8"?>
<!-- Generated by org.testng.reporters.JUnitXMLReporter -->
<testsuite ignored="0" hostname="LAPTOP-UULIG8AC" failures="0" tests="1" name="OrangeHRM_TestNG_Maven_Test" time="16.008" errors="0" timestamp="15 Dec 2022 16:33:11 GMT">
  <testcase classname="com.OrangeHRM.AppUtils.BaseClass_OHRM040_001" name="@BeforeTest setUpBrowser" time="15.924">
    <failure type="org.openqa.selenium.WebDriverException" message="unknown error: cannot find Chrome binary
Build info: version: &amp;apos;3.141.59&amp;apos;, revision: &amp;apos;e82be7d358&amp;apos;, time: &amp;apos;2018-11-14T08:17:03&amp;apos;
System info: host: &amp;apos;LAPTOP-UULIG8AC&amp;apos;, ip: &amp;apos;192.168.0.192&amp;apos;, os.name: &amp;apos;Windows 10&amp;apos;, os.arch: &amp;apos;amd64&amp;apos;, os.version: &amp;apos;10.0&amp;apos;, java.version: &amp;apos;11.0.16.1&amp;apos;
Driver info: driver.version: ChromeDriver
remote stacktrace: Backtrace:
	Ordinal0 [0x0070ACD3+2075859]
	Ordinal0 [0x0069EE61+1633889]
	Ordinal0 [0x0059B7BD+571325]
	Ordinal0 [0x005B8950+690512]
	Ordinal0 [0x005B6BE9+682985]
	Ordinal0 [0x005EDBD3+908243]
	Ordinal0 [0x005ED6AA+906922]
	Ordinal0 [0x005E7136+880950]
	Ordinal0 [0x005BFEFD+720637]
	Ordinal0 [0x005C0F3F+724799]
	GetHandleVerifier [0x009BEED2+2769538]
	GetHandleVerifier [0x009B0D95+2711877]
	GetHandleVerifier [0x0079A03A+521194]
	GetHandleVerifier [0x00798DA0+516432]
	Ordinal0 [0x006A682C+1665068]
	Ordinal0 [0x006AB128+1683752]
	Ordinal0 [0x006AB215+1683989]
	Ordinal0 [0x006B6484+1729668]
	BaseThreadInitThunk [0x7755FEF9+25]
	RtlGetAppContainerNamedObjectPath [0x77A67BBE+286]
	RtlGetAppContainerNamedObjectPath [0x77A67B8E+238]
">
      <![CDATA[org.openqa.selenium.WebDriverException: unknown error: cannot find Chrome binary
Build info: version: '3.141.59', revision: 'e82be7d358', time: '2018-11-14T08:17:03'
System info: host: 'LAPTOP-UULIG8AC', ip: '192.168.0.192', os.name: 'Windows 10', os.arch: 'amd64', os.version: '10.0', java.version: '11.0.16.1'
Driver info: driver.version: ChromeDriver
remote stacktrace: Backtrace:
Ordinal0 [0x0070ACD3+2075859]
Ordinal0 [0x0069EE61+1633889]
Ordinal0 [0x0059B7BD+571325]
Ordinal0 [0x005B8950+690512]
Ordinal0 [0x005B6BE9+682985]
Ordinal0 [0x005EDBD3+908243]
Ordinal0 [0x005ED6AA+906922]
Ordinal0 [0x005E7136+880950]
Ordinal0 [0x005BFEFD+720637]
Ordinal0 [0x005C0F3F+724799]
GetHandleVerifier [0x009BEED2+2769538]
GetHandleVerifier [0x009B0D95+2711877]
GetHandleVerifier [0x0079A03A+521194]
GetHandleVerifier [0x00798DA0+516432]
Ordinal0 [0x006A682C+1665068]
Ordinal0 [0x006AB128+1683752]
Ordinal0 [0x006AB215+1683989]
Ordinal0 [0x006B6484+1729668]
BaseThreadInitThunk [0x7755FEF9+25]
RtlGetAppContainerNamedObjectPath [0x77A67BBE+286]
RtlGetAppContainerNamedObjectPath [0x77A67B8E+238]

at org.openqa.selenium.remote.W3CHandshakeResponse.lambda$errorHandler$0(W3CHandshakeResponse.java:62)
at org.openqa.selenium.remote.HandshakeResponse.lambda$getResponseFunction$0(HandshakeResponse.java:30)
at org.openqa.selenium.remote.ProtocolHandshake.lambda$createSession$0(ProtocolHandshake.java:126)
at java.base/java.util.stream.ReferencePipeline$3$1.accept(ReferencePipeline.java:195)
at java.base/java.util.Spliterators$ArraySpliterator.tryAdvance(Spliterators.java:958)
at java.base/java.util.stream.ReferencePipeline.forEachWithCancel(ReferencePipeline.java:127)
at java.base/java.util.stream.AbstractPipeline.copyIntoWithCancel(AbstractPipeline.java:502)
at java.base/java.util.stream.AbstractPipeline.copyInto(AbstractPipeline.java:488)
at java.base/java.util.stream.AbstractPipeline.wrapAndCopyInto(AbstractPipeline.java:474)
at java.base/java.util.stream.FindOps$FindOp.evaluateSequential(FindOps.java:150)
at java.base/java.util.stream.AbstractPipeline.evaluate(AbstractPipeline.java:234)
at java.base/java.util.stream.ReferencePipeline.findFirst(ReferencePipeline.java:543)
at org.openqa.selenium.remote.ProtocolHandshake.createSession(ProtocolHandshake.java:128)
at org.openqa.selenium.remote.ProtocolHandshake.createSession(ProtocolHandshake.java:74)
at org.openqa.selenium.remote.HttpCommandExecutor.execute(HttpCommandExecutor.java:136)
at org.openqa.selenium.remote.service.DriverCommandExecutor.execute(DriverCommandExecutor.java:83)
at org.openqa.selenium.remote.RemoteWebDriver.execute(RemoteWebDriver.java:552)
at org.openqa.selenium.remote.RemoteWebDriver.startSession(RemoteWebDriver.java:213)
at org.openqa.selenium.remote.RemoteWebDriver.<init>(RemoteWebDriver.java:131)
at org.openqa.selenium.chrome.ChromeDriver.<init>(ChromeDriver.java:181)
at org.openqa.selenium.chrome.ChromeDriver.<init>(ChromeDriver.java:168)
at org.openqa.selenium.chrome.ChromeDriver.<init>(ChromeDriver.java:123)
at com.OrangeHRM.AppUtils.BaseClass_OHRM040_001.setUpBrowser(BaseClass_OHRM040_001.java:26)
... Removed 31 stack frames]]>
    </failure>
  </testcase> <!-- @BeforeTest setUpBrowser -->
  <testcase classname="com.OrangeHRM.AppUtils.BaseClass_OHRM040_001" name="@AfterTest closeBrowser" time="0.0">
    <skipped/>
  </testcase> <!-- @AfterTest closeBrowser -->
  <testcase classname="com.OrangeHRM.TestCases.TC_Admin_Valid_Login_OHRM040_001" name="adminValidLoginTest" time="0.0">
    <skipped/>
  </testcase> <!-- adminValidLoginTest -->
</testsuite> <!-- OrangeHRM_TestNG_Maven_Test -->
