<?xml version="1.0" encoding="UTF-8"?>
<testng-results ignored="0" total="1" passed="0" failed="0" skipped="1">
  <reporter-output>
  </reporter-output>
  <suite started-at="2022-12-15T16:32:55Z" name="OrangeHRM_TestNG_Maven_Suite" finished-at="2022-12-15T16:33:11Z" duration-ms="16008">
    <groups>
    </groups>
    <test started-at="2022-12-15T16:32:55Z" name="OrangeHRM_TestNG_Maven_Test" finished-at="2022-12-15T16:33:11Z" duration-ms="16008">
      <class name="com.OrangeHRM.TestCases.TC_Admin_Valid_Login_OHRM040_001">
        <test-method is-config="true" signature="setUpBrowser()[pri:0, instance:com.OrangeHRM.TestCases.TC_Admin_Valid_Login_OHRM040_001@471a9022]" started-at="2022-12-15T16:32:55Z" name="setUpBrowser" finished-at="2022-12-15T16:33:10Z" duration-ms="15924" status="FAIL">
          <exception class="org.openqa.selenium.WebDriverException">
            <message>
              <![CDATA[unknown error: cannot find Chrome binary
Build info: version: '3.141.59', revision: 'e82be7d358', time: '2018-11-14T08:17:03'
System info: host: 'LAPTOP-UULIG8AC', ip: '192.168.0.192', os.name: 'Windows 10', os.arch: 'amd64', os.version: '10.0', java.version: '11.0.16.1'
Driver info: driver.version: ChromeDriver
remote stacktrace: Backtrace:
Ordinal0 [0x0070ACD3+2075859]
Ordinal0 [0x0069EE61+1633889]
Ordinal0 [0x0059B7BD+571325]
Ordinal0 [0x005B8950+690512]
Ordinal0 [0x005B6BE9+682985]
Ordinal0 [0x005EDBD3+908243]
Ordinal0 [0x005ED6AA+906922]
Ordinal0 [0x005E7136+880950]
Ordinal0 [0x005BFEFD+720637]
Ordinal0 [0x005C0F3F+724799]
GetHandleVerifier [0x009BEED2+2769538]
GetHandleVerifier [0x009B0D95+2711877]
GetHandleVerifier [0x0079A03A+521194]
GetHandleVerifier [0x00798DA0+516432]
Ordinal0 [0x006A682C+1665068]
Ordinal0 [0x006AB128+1683752]
Ordinal0 [0x006AB215+1683989]
Ordinal0 [0x006B6484+1729668]
BaseThreadInitThunk [0x7755FEF9+25]
RtlGetAppContainerNamedObjectPath [0x77A67BBE+286]
RtlGetAppContainerNamedObjectPath [0x77A67B8E+238]
]]>
            </message>
            <full-stacktrace>
              <![CDATA[org.openqa.selenium.WebDriverException: unknown error: cannot find Chrome binary
Build info: version: '3.141.59', revision: 'e82be7d358', time: '2018-11-14T08:17:03'
System info: host: 'LAPTOP-UULIG8AC', ip: '192.168.0.192', os.name: 'Windows 10', os.arch: 'amd64', os.version: '10.0', java.version: '11.0.16.1'
Driver info: driver.version: ChromeDriver
remote stacktrace: Backtrace:
Ordinal0 [0x0070ACD3+2075859]
Ordinal0 [0x0069EE61+1633889]
Ordinal0 [0x0059B7BD+571325]
Ordinal0 [0x005B8950+690512]
Ordinal0 [0x005B6BE9+682985]
Ordinal0 [0x005EDBD3+908243]
Ordinal0 [0x005ED6AA+906922]
Ordinal0 [0x005E7136+880950]
Ordinal0 [0x005BFEFD+720637]
Ordinal0 [0x005C0F3F+724799]
GetHandleVerifier [0x009BEED2+2769538]
GetHandleVerifier [0x009B0D95+2711877]
GetHandleVerifier [0x0079A03A+521194]
GetHandleVerifier [0x00798DA0+516432]
Ordinal0 [0x006A682C+1665068]
Ordinal0 [0x006AB128+1683752]
Ordinal0 [0x006AB215+1683989]
Ordinal0 [0x006B6484+1729668]
BaseThreadInitThunk [0x7755FEF9+25]
RtlGetAppContainerNamedObjectPath [0x77A67BBE+286]
RtlGetAppContainerNamedObjectPath [0x77A67B8E+238]

at java.base/jdk.internal.reflect.NativeConstructorAccessorImpl.newInstance0(Native Method)
at java.base/jdk.internal.reflect.NativeConstructorAccessorImpl.newInstance(NativeConstructorAccessorImpl.java:62)
at java.base/jdk.internal.reflect.DelegatingConstructorAccessorImpl.newInstance(DelegatingConstructorAccessorImpl.java:45)
at java.base/java.lang.reflect.Constructor.newInstance(Constructor.java:490)
at org.openqa.selenium.remote.W3CHandshakeResponse.lambda$errorHandler$0(W3CHandshakeResponse.java:62)
at org.openqa.selenium.remote.HandshakeResponse.lambda$getResponseFunction$0(HandshakeResponse.java:30)
at org.openqa.selenium.remote.ProtocolHandshake.lambda$createSession$0(ProtocolHandshake.java:126)
at java.base/java.util.stream.ReferencePipeline$3$1.accept(ReferencePipeline.java:195)
at java.base/java.util.Spliterators$ArraySpliterator.tryAdvance(Spliterators.java:958)
at java.base/java.util.stream.ReferencePipeline.forEachWithCancel(ReferencePipeline.java:127)
at java.base/java.util.stream.AbstractPipeline.copyIntoWithCancel(AbstractPipeline.java:502)
at java.base/java.util.stream.AbstractPipeline.copyInto(AbstractPipeline.java:488)
at java.base/java.util.stream.AbstractPipeline.wrapAndCopyInto(AbstractPipeline.java:474)
at java.base/java.util.stream.FindOps$FindOp.evaluateSequential(FindOps.java:150)
at java.base/java.util.stream.AbstractPipeline.evaluate(AbstractPipeline.java:234)
at java.base/java.util.stream.ReferencePipeline.findFirst(ReferencePipeline.java:543)
at org.openqa.selenium.remote.ProtocolHandshake.createSession(ProtocolHandshake.java:128)
at org.openqa.selenium.remote.ProtocolHandshake.createSession(ProtocolHandshake.java:74)
at org.openqa.selenium.remote.HttpCommandExecutor.execute(HttpCommandExecutor.java:136)
at org.openqa.selenium.remote.service.DriverCommandExecutor.execute(DriverCommandExecutor.java:83)
at org.openqa.selenium.remote.RemoteWebDriver.execute(RemoteWebDriver.java:552)
at org.openqa.selenium.remote.RemoteWebDriver.startSession(RemoteWebDriver.java:213)
at org.openqa.selenium.remote.RemoteWebDriver.<init>(RemoteWebDriver.java:131)
at org.openqa.selenium.chrome.ChromeDriver.<init>(ChromeDriver.java:181)
at org.openqa.selenium.chrome.ChromeDriver.<init>(ChromeDriver.java:168)
at org.openqa.selenium.chrome.ChromeDriver.<init>(ChromeDriver.java:123)
at com.OrangeHRM.AppUtils.BaseClass_OHRM040_001.setUpBrowser(BaseClass_OHRM040_001.java:26)
at java.base/jdk.internal.reflect.NativeMethodAccessorImpl.invoke0(Native Method)
at java.base/jdk.internal.reflect.NativeMethodAccessorImpl.invoke(NativeMethodAccessorImpl.java:62)
at java.base/jdk.internal.reflect.DelegatingMethodAccessorImpl.invoke(DelegatingMethodAccessorImpl.java:43)
at java.base/java.lang.reflect.Method.invoke(Method.java:566)
at org.testng.internal.MethodInvocationHelper.invokeMethod(MethodInvocationHelper.java:124)
at org.testng.internal.MethodInvocationHelper.invokeMethodConsideringTimeout(MethodInvocationHelper.java:59)
at org.testng.internal.Invoker.invokeConfigurationMethod(Invoker.java:458)
at org.testng.internal.Invoker.invokeConfigurations(Invoker.java:222)
at org.testng.internal.Invoker.invokeConfigurations(Invoker.java:142)
at org.testng.TestRunner.beforeRun(TestRunner.java:529)
at org.testng.TestRunner.run(TestRunner.java:497)
at org.testng.SuiteRunner.runTest(SuiteRunner.java:455)
at org.testng.SuiteRunner.runSequentially(SuiteRunner.java:450)
at org.testng.SuiteRunner.privateRun(SuiteRunner.java:415)
at org.testng.SuiteRunner.run(SuiteRunner.java:364)
at org.testng.SuiteRunnerWorker.runSuite(SuiteRunnerWorker.java:52)
at org.testng.SuiteRunnerWorker.run(SuiteRunnerWorker.java:84)
at org.testng.TestNG.runSuitesSequentially(TestNG.java:1208)
at org.testng.TestNG.runSuitesLocally(TestNG.java:1137)
at org.testng.TestNG.runSuites(TestNG.java:1049)
at org.testng.TestNG.run(TestNG.java:1017)
at org.apache.maven.surefire.testng.TestNGExecutor.run(TestNGExecutor.java:295)
at org.apache.maven.surefire.testng.TestNGXmlTestSuite.execute(TestNGXmlTestSuite.java:84)
at org.apache.maven.surefire.testng.TestNGProvider.invoke(TestNGProvider.java:90)
at org.apache.maven.surefire.booter.ForkedBooter.invokeProviderInSameClassLoader(ForkedBooter.java:203)
at org.apache.maven.surefire.booter.ForkedBooter.runSuitesInProcess(ForkedBooter.java:155)
at org.apache.maven.surefire.booter.ForkedBooter.main(ForkedBooter.java:103)
]]>
            </full-stacktrace>
          </exception> <!-- org.openqa.selenium.WebDriverException -->
          <reporter-output>
          </reporter-output>
        </test-method> <!-- setUpBrowser -->
        <test-method signature="adminValidLoginTest(java.lang.String, java.lang.String)[pri:0, instance:com.OrangeHRM.TestCases.TC_Admin_Valid_Login_OHRM040_001@471a9022]" started-at="2022-12-15T16:33:11Z" name="adminValidLoginTest" finished-at="2022-12-15T16:33:11Z" duration-ms="0" status="SKIP">
          <exception class="org.openqa.selenium.WebDriverException">
            <message>
              <![CDATA[unknown error: cannot find Chrome binary
Build info: version: '3.141.59', revision: 'e82be7d358', time: '2018-11-14T08:17:03'
System info: host: 'LAPTOP-UULIG8AC', ip: '192.168.0.192', os.name: 'Windows 10', os.arch: 'amd64', os.version: '10.0', java.version: '11.0.16.1'
Driver info: driver.version: ChromeDriver
remote stacktrace: Backtrace:
Ordinal0 [0x0070ACD3+2075859]
Ordinal0 [0x0069EE61+1633889]
Ordinal0 [0x0059B7BD+571325]
Ordinal0 [0x005B8950+690512]
Ordinal0 [0x005B6BE9+682985]
Ordinal0 [0x005EDBD3+908243]
Ordinal0 [0x005ED6AA+906922]
Ordinal0 [0x005E7136+880950]
Ordinal0 [0x005BFEFD+720637]
Ordinal0 [0x005C0F3F+724799]
GetHandleVerifier [0x009BEED2+2769538]
GetHandleVerifier [0x009B0D95+2711877]
GetHandleVerifier [0x0079A03A+521194]
GetHandleVerifier [0x00798DA0+516432]
Ordinal0 [0x006A682C+1665068]
Ordinal0 [0x006AB128+1683752]
Ordinal0 [0x006AB215+1683989]
Ordinal0 [0x006B6484+1729668]
BaseThreadInitThunk [0x7755FEF9+25]
RtlGetAppContainerNamedObjectPath [0x77A67BBE+286]
RtlGetAppContainerNamedObjectPath [0x77A67B8E+238]
]]>
            </message>
            <full-stacktrace>
              <![CDATA[org.openqa.selenium.WebDriverException: unknown error: cannot find Chrome binary
Build info: version: '3.141.59', revision: 'e82be7d358', time: '2018-11-14T08:17:03'
System info: host: 'LAPTOP-UULIG8AC', ip: '192.168.0.192', os.name: 'Windows 10', os.arch: 'amd64', os.version: '10.0', java.version: '11.0.16.1'
Driver info: driver.version: ChromeDriver
remote stacktrace: Backtrace:
Ordinal0 [0x0070ACD3+2075859]
Ordinal0 [0x0069EE61+1633889]
Ordinal0 [0x0059B7BD+571325]
Ordinal0 [0x005B8950+690512]
Ordinal0 [0x005B6BE9+682985]
Ordinal0 [0x005EDBD3+908243]
Ordinal0 [0x005ED6AA+906922]
Ordinal0 [0x005E7136+880950]
Ordinal0 [0x005BFEFD+720637]
Ordinal0 [0x005C0F3F+724799]
GetHandleVerifier [0x009BEED2+2769538]
GetHandleVerifier [0x009B0D95+2711877]
GetHandleVerifier [0x0079A03A+521194]
GetHandleVerifier [0x00798DA0+516432]
Ordinal0 [0x006A682C+1665068]
Ordinal0 [0x006AB128+1683752]
Ordinal0 [0x006AB215+1683989]
Ordinal0 [0x006B6484+1729668]
BaseThreadInitThunk [0x7755FEF9+25]
RtlGetAppContainerNamedObjectPath [0x77A67BBE+286]
RtlGetAppContainerNamedObjectPath [0x77A67B8E+238]

at java.base/jdk.internal.reflect.NativeConstructorAccessorImpl.newInstance0(Native Method)
at java.base/jdk.internal.reflect.NativeConstructorAccessorImpl.newInstance(NativeConstructorAccessorImpl.java:62)
at java.base/jdk.internal.reflect.DelegatingConstructorAccessorImpl.newInstance(DelegatingConstructorAccessorImpl.java:45)
at java.base/java.lang.reflect.Constructor.newInstance(Constructor.java:490)
at org.openqa.selenium.remote.W3CHandshakeResponse.lambda$errorHandler$0(W3CHandshakeResponse.java:62)
at org.openqa.selenium.remote.HandshakeResponse.lambda$getResponseFunction$0(HandshakeResponse.java:30)
at org.openqa.selenium.remote.ProtocolHandshake.lambda$createSession$0(ProtocolHandshake.java:126)
at java.base/java.util.stream.ReferencePipeline$3$1.accept(ReferencePipeline.java:195)
at java.base/java.util.Spliterators$ArraySpliterator.tryAdvance(Spliterators.java:958)
at java.base/java.util.stream.ReferencePipeline.forEachWithCancel(ReferencePipeline.java:127)
at java.base/java.util.stream.AbstractPipeline.copyIntoWithCancel(AbstractPipeline.java:502)
at java.base/java.util.stream.AbstractPipeline.copyInto(AbstractPipeline.java:488)
at java.base/java.util.stream.AbstractPipeline.wrapAndCopyInto(AbstractPipeline.java:474)
at java.base/java.util.stream.FindOps$FindOp.evaluateSequential(FindOps.java:150)
at java.base/java.util.stream.AbstractPipeline.evaluate(AbstractPipeline.java:234)
at java.base/java.util.stream.ReferencePipeline.findFirst(ReferencePipeline.java:543)
at org.openqa.selenium.remote.ProtocolHandshake.createSession(ProtocolHandshake.java:128)
at org.openqa.selenium.remote.ProtocolHandshake.createSession(ProtocolHandshake.java:74)
at org.openqa.selenium.remote.HttpCommandExecutor.execute(HttpCommandExecutor.java:136)
at org.openqa.selenium.remote.service.DriverCommandExecutor.execute(DriverCommandExecutor.java:83)
at org.openqa.selenium.remote.RemoteWebDriver.execute(RemoteWebDriver.java:552)
at org.openqa.selenium.remote.RemoteWebDriver.startSession(RemoteWebDriver.java:213)
at org.openqa.selenium.remote.RemoteWebDriver.<init>(RemoteWebDriver.java:131)
at org.openqa.selenium.chrome.ChromeDriver.<init>(ChromeDriver.java:181)
at org.openqa.selenium.chrome.ChromeDriver.<init>(ChromeDriver.java:168)
at org.openqa.selenium.chrome.ChromeDriver.<init>(ChromeDriver.java:123)
at com.OrangeHRM.AppUtils.BaseClass_OHRM040_001.setUpBrowser(BaseClass_OHRM040_001.java:26)
at java.base/jdk.internal.reflect.NativeMethodAccessorImpl.invoke0(Native Method)
at java.base/jdk.internal.reflect.NativeMethodAccessorImpl.invoke(NativeMethodAccessorImpl.java:62)
at java.base/jdk.internal.reflect.DelegatingMethodAccessorImpl.invoke(DelegatingMethodAccessorImpl.java:43)
at java.base/java.lang.reflect.Method.invoke(Method.java:566)
at org.testng.internal.MethodInvocationHelper.invokeMethod(MethodInvocationHelper.java:124)
at org.testng.internal.MethodInvocationHelper.invokeMethodConsideringTimeout(MethodInvocationHelper.java:59)
at org.testng.internal.Invoker.invokeConfigurationMethod(Invoker.java:458)
at org.testng.internal.Invoker.invokeConfigurations(Invoker.java:222)
at org.testng.internal.Invoker.invokeConfigurations(Invoker.java:142)
at org.testng.TestRunner.beforeRun(TestRunner.java:529)
at org.testng.TestRunner.run(TestRunner.java:497)
at org.testng.SuiteRunner.runTest(SuiteRunner.java:455)
at org.testng.SuiteRunner.runSequentially(SuiteRunner.java:450)
at org.testng.SuiteRunner.privateRun(SuiteRunner.java:415)
at org.testng.SuiteRunner.run(SuiteRunner.java:364)
at org.testng.SuiteRunnerWorker.runSuite(SuiteRunnerWorker.java:52)
at org.testng.SuiteRunnerWorker.run(SuiteRunnerWorker.java:84)
at org.testng.TestNG.runSuitesSequentially(TestNG.java:1208)
at org.testng.TestNG.runSuitesLocally(TestNG.java:1137)
at org.testng.TestNG.runSuites(TestNG.java:1049)
at org.testng.TestNG.run(TestNG.java:1017)
at org.apache.maven.surefire.testng.TestNGExecutor.run(TestNGExecutor.java:295)
at org.apache.maven.surefire.testng.TestNGXmlTestSuite.execute(TestNGXmlTestSuite.java:84)
at org.apache.maven.surefire.testng.TestNGProvider.invoke(TestNGProvider.java:90)
at org.apache.maven.surefire.booter.ForkedBooter.invokeProviderInSameClassLoader(ForkedBooter.java:203)
at org.apache.maven.surefire.booter.ForkedBooter.runSuitesInProcess(ForkedBooter.java:155)
at org.apache.maven.surefire.booter.ForkedBooter.main(ForkedBooter.java:103)
]]>
            </full-stacktrace>
          </exception> <!-- org.openqa.selenium.WebDriverException -->
          <reporter-output>
          </reporter-output>
        </test-method> <!-- adminValidLoginTest -->
        <test-method is-config="true" signature="closeBrowser()[pri:0, instance:com.OrangeHRM.TestCases.TC_Admin_Valid_Login_OHRM040_001@471a9022]" started-at="2022-12-15T16:33:11Z" name="closeBrowser" finished-at="2022-12-15T16:33:11Z" duration-ms="0" status="SKIP">
          <reporter-output>
          </reporter-output>
        </test-method> <!-- closeBrowser -->
      </class> <!-- com.OrangeHRM.TestCases.TC_Admin_Valid_Login_OHRM040_001 -->
    </test> <!-- OrangeHRM_TestNG_Maven_Test -->
  </suite> <!-- OrangeHRM_TestNG_Maven_Suite -->
</testng-results>
